"../../../Engine/Content/EngineResources/WhiteSquareTexture.uasset" 0
"../../../Engine/Content/EngineResources/WhiteSquareTexture.uexp" 1
"../../../Engine/Content/EngineMaterials/Widget3DPassThrough.uasset" 2
"../../../Engine/Content/EngineMaterials/Widget3DPassThrough.uexp" 3
"../../../Engine/Content/EngineMaterials/Widget3DPassThrough_Translucent.uasset" 4
"../../../Engine/Content/EngineMaterials/Widget3DPassThrough_Translucent.uexp" 5
"../../../Engine/Content/EngineMaterials/Widget3DPassThrough_Translucent_OneSided.uasset" 6
"../../../Engine/Content/EngineMaterials/Widget3DPassThrough_Translucent_OneSided.uexp" 7
"../../../Engine/Content/EngineMaterials/Widget3DPassThrough_Opaque.uasset" 8
"../../../Engine/Content/EngineMaterials/Widget3DPassThrough_Opaque.uexp" 9
"../../../Engine/Content/EngineMaterials/Widget3DPassThrough_Opaque_OneSided.uasset" 10
"../../../Engine/Content/EngineMaterials/Widget3DPassThrough_Opaque_OneSided.uexp" 11
"../../../Engine/Content/EngineMaterials/Widget3DPassThrough_Masked_OneSided.uasset" 12
"../../../Engine/Content/EngineMaterials/Widget3DPassThrough_Masked_OneSided.uexp" 13
"../../../Engine/Content/EngineMaterials/Widget3DPassThrough_Masked.uasset" 14
"../../../Engine/Content/EngineMaterials/Widget3DPassThrough_Masked.uexp" 15
"../../../Engine/Content/EngineMaterials/WeightMapPlaceholderTexture.uasset" 16
"../../../Engine/Content/EngineMaterials/WeightMapPlaceholderTexture.uexp" 17
"../../../Engine/Content/EngineMaterials/RemoveSurfaceMaterial.uasset" 18
"../../../Engine/Content/EngineMaterials/RemoveSurfaceMaterial.uexp" 19
"../../../Engine/Content/EngineMaterials/PreintegratedSkinBRDF.uasset" 20
"../../../Engine/Content/EngineMaterials/PreintegratedSkinBRDF.uexp" 21
"../../../Engine/Content/EngineMaterials/DefaultCalibrationGrayscale.uasset" 22
"../../../Engine/Content/EngineMaterials/DefaultCalibrationGrayscale.uexp" 23
"../../../Engine/Content/EngineMaterials/PPM_DefaultCalibrationGrayscale.uasset" 24
"../../../Engine/Content/EngineMaterials/PPM_DefaultCalibrationGrayscale.uexp" 25
"../../../Engine/Content/EngineMaterials/DefaultCalibrationColor.uasset" 26
"../../../Engine/Content/EngineMaterials/DefaultCalibrationColor.uexp" 27
"../../../Engine/Content/EngineMaterials/PPM_DefaultCalibrationColor.uasset" 28
"../../../Engine/Content/EngineMaterials/PPM_DefaultCalibrationColor.uexp" 29
"../../../Engine/Content/Functions/Engine_MaterialFunctions02/WorldPositionOffset/CameraOffset.uasset" 30
"../../../Engine/Content/Functions/Engine_MaterialFunctions02/WorldPositionOffset/CameraOffset.uexp" 31
"../../../Engine/Content/EngineMaterials/PhAT_JointLimitMaterial.uasset" 32
"../../../Engine/Content/EngineMaterials/PhAT_JointLimitMaterial.uexp" 33
"../../../Engine/Content/EngineMaterials/InvalidLightmapSettings.ubulk" 34
"../../../Engine/Content/EngineMaterials/InvalidLightmapSettings.uasset" 35
"../../../Engine/Content/EngineMaterials/InvalidLightmapSettings.uexp" 36
"../../../Engine/Content/EngineMaterials/M_InvalidLightmapSettings.uasset" 37
"../../../Engine/Content/EngineMaterials/M_InvalidLightmapSettings.uexp" 38
"../../../Engine/Content/EngineMaterials/MiniFont.uasset" 39
"../../../Engine/Content/EngineMaterials/MiniFont.uexp" 40
"../../../Engine/Content/EngineMeshes/Sphere.ubulk" 41
"../../../Engine/Content/EngineMeshes/Sphere.uasset" 42
"../../../Engine/Content/EngineMeshes/Sphere.uexp" 43
"../../../Engine/Content/EngineMaterials/Good64x64TilingNoiseHighFreq.uasset" 44
"../../../Engine/Content/EngineMaterials/Good64x64TilingNoiseHighFreq.uexp" 45
"../../../Engine/Content/EngineMaterials/GizmoMaterial.uasset" 46
"../../../Engine/Content/EngineMaterials/GizmoMaterial.uexp" 47
"../../../Engine/Content/EngineMaterials/BaseFlattenEmissiveMap_VT.uasset" 48
"../../../Engine/Content/EngineMaterials/BaseFlattenEmissiveMap_VT.uexp" 49
"../../../Engine/Content/EngineMaterials/BaseFlattenGrayscaleMap_VT.uasset" 50
"../../../Engine/Content/EngineMaterials/BaseFlattenGrayscaleMap_VT.uexp" 51
"../../../Engine/Content/EngineMaterials/BaseFlattenLinearColor_VT.uasset" 52
"../../../Engine/Content/EngineMaterials/BaseFlattenLinearColor_VT.uexp" 53
"../../../Engine/Content/EngineMaterials/Black_1x1_EXR_Texture_VT.uasset" 54
"../../../Engine/Content/EngineMaterials/Black_1x1_EXR_Texture_VT.uexp" 55
"../../../Engine/Content/EngineMaterials/BaseFlattenDiffuseMap_VT.uasset" 56
"../../../Engine/Content/EngineMaterials/BaseFlattenDiffuseMap_VT.uexp" 57
"../../../Engine/Content/EngineMaterials/BaseFlattenNormalMap_VT.uasset" 58
"../../../Engine/Content/EngineMaterials/BaseFlattenNormalMap_VT.uexp" 59
"../../../Engine/Content/EngineMaterials/FlattenMaterial_WS_Normal_VT.uasset" 60
"../../../Engine/Content/EngineMaterials/FlattenMaterial_WS_Normal_VT.uexp" 61
"../../../Engine/Content/EngineMaterials/FlattenMaterial_VT.uasset" 62
"../../../Engine/Content/EngineMaterials/FlattenMaterial_VT.uexp" 63
"../../../Engine/Content/EngineMaterials/BaseFlattenNormalMap.uasset" 64
"../../../Engine/Content/EngineMaterials/BaseFlattenNormalMap.uexp" 65
"../../../Engine/Content/EngineMaterials/BaseFlattenGrayscaleMap.uasset" 66
"../../../Engine/Content/EngineMaterials/BaseFlattenGrayscaleMap.uexp" 67
"../../../Engine/Content/EngineMaterials/BaseFlattenDiffuseMap.uasset" 68
"../../../Engine/Content/EngineMaterials/BaseFlattenDiffuseMap.uexp" 69
"../../../Engine/Content/Functions/Engine_MaterialFunctions02/PivotPainter2/Black_1x1_EXR_Texture.uasset" 70
"../../../Engine/Content/Functions/Engine_MaterialFunctions02/PivotPainter2/Black_1x1_EXR_Texture.uexp" 71
"../../../Engine/Content/EngineMaterials/BaseFlattenEmissiveMap.uasset" 72
"../../../Engine/Content/EngineMaterials/BaseFlattenEmissiveMap.uexp" 73
"../../../Engine/Content/EngineMaterials/BaseFlattenLinearColor.uasset" 74
"../../../Engine/Content/EngineMaterials/BaseFlattenLinearColor.uexp" 75
"../../../Engine/Content/EngineMaterials/FlattenMaterial.uasset" 76
"../../../Engine/Content/EngineMaterials/FlattenMaterial.uexp" 77
"../../../Engine/Content/EngineMaterials/DefaultWhiteGrid_Low.uasset" 78
"../../../Engine/Content/EngineMaterials/DefaultWhiteGrid_Low.uexp" 79
"../../../Engine/Content/EngineMaterials/EmissiveMeshMaterial.uasset" 80
"../../../Engine/Content/EngineMaterials/EmissiveMeshMaterial.uexp" 81
"../../../Engine/Content/EngineMaterials/DefaultWhiteGrid.ubulk" 82
"../../../Engine/Content/EngineMaterials/DefaultWhiteGrid.uasset" 83
"../../../Engine/Content/EngineMaterials/DefaultWhiteGrid.uexp" 84
"../../../Engine/Content/EngineFonts/RobotoDistanceField.uasset" 85
"../../../Engine/Content/EngineFonts/RobotoDistanceField.uexp" 86
"../../../Engine/Content/EngineMaterials/DefaultTextMaterialOpaque.uasset" 87
"../../../Engine/Content/EngineMaterials/DefaultTextMaterialOpaque.uexp" 88
"../../../Engine/Content/EngineMaterials/DefaultDiffuse.ubulk" 89
"../../../Engine/Content/EngineMaterials/DefaultDiffuse.uasset" 90
"../../../Engine/Content/EngineMaterials/DefaultDiffuse.uexp" 91
"../../../Engine/Content/Functions/Engine_MaterialFunctions02/Utility/BreakOutFloat2Components.uasset" 92
"../../../Engine/Content/Functions/Engine_MaterialFunctions02/Utility/BreakOutFloat2Components.uexp" 93
"../../../Engine/Content/EngineMaterials/DefaultPostProcessMaterial.uasset" 94
"../../../Engine/Content/EngineMaterials/DefaultPostProcessMaterial.uexp" 95
"../../../Engine/Content/EngineMaterials/DefaultPhysicalMaterial.uasset" 96
"../../../Engine/Content/EngineMaterials/DefaultPhysicalMaterial.uexp" 97
"../../../Engine/Content/EngineMaterials/DefaultLightFunctionMaterial.uasset" 98
"../../../Engine/Content/EngineMaterials/DefaultLightFunctionMaterial.uexp" 99
"../../../Engine/Content/EngineMaterials/DefaultDestructiblePhysicalMaterial.uasset" 100
"../../../Engine/Content/EngineMaterials/DefaultDestructiblePhysicalMaterial.uexp" 101
"../../../Engine/Content/EngineMaterials/DefaultDeferredDecalMaterial.uasset" 102
"../../../Engine/Content/EngineMaterials/DefaultDeferredDecalMaterial.uexp" 103
"../../../Engine/Content/EngineMaterials/DefaultBokeh.uasset" 104
"../../../Engine/Content/EngineMaterials/DefaultBokeh.uexp" 105
"../../../Engine/Content/EngineMaterials/DefaultBloomKernel.uasset" 106
"../../../Engine/Content/EngineMaterials/DefaultBloomKernel.uexp" 107
"../../../Engine/Content/EngineMaterials/BlueNoise.uasset" 108
"../../../Engine/Content/EngineMaterials/BlueNoise.uexp" 109
"../../../Engine/Content/EngineFonts/Faces/RobotoLight.uexp" 110
"../../../Engine/Content/EngineFonts/Faces/RobotoLight.uasset" 111
"../../../Engine/Content/EngineFonts/Faces/RobotoLight.ufont" 112
"../../../Engine/Content/EngineFonts/Faces/RobotoBold.uexp" 113
"../../../Engine/Content/EngineFonts/Faces/RobotoBold.uasset" 114
"../../../Engine/Content/EngineFonts/Faces/RobotoBold.ufont" 115
"../../../Engine/Content/EngineFonts/Faces/RobotoRegular.uexp" 116
"../../../Engine/Content/EngineFonts/Faces/RobotoRegular.uasset" 117
"../../../Engine/Content/EngineFonts/Faces/RobotoRegular.ufont" 118
"../../../Engine/Content/EngineFonts/Faces/DroidSansFallback.uexp" 119
"../../../Engine/Content/EngineFonts/Faces/DroidSansFallback.uasset" 120
"../../../Engine/Content/EngineFonts/Faces/DroidSansFallback.ufont" 121
"../../../Engine/Content/EngineFonts/Faces/RobotoItalic.uexp" 122
"../../../Engine/Content/EngineFonts/Faces/RobotoItalic.uasset" 123
"../../../Engine/Content/EngineFonts/Faces/RobotoItalic.ufont" 124
"../../../Engine/Content/EngineFonts/Faces/RobotoBoldItalic.uexp" 125
"../../../Engine/Content/EngineFonts/Faces/RobotoBoldItalic.uasset" 126
"../../../Engine/Content/EngineFonts/Faces/RobotoBoldItalic.ufont" 127
"../../../Engine/Content/EngineFonts/Roboto.uasset" 128
"../../../Engine/Content/EngineFonts/Roboto.uexp" 129
"../../../Engine/Content/Functions/Engine_MaterialFunctions02/Utility/CameraDirectionVector.uasset" 130
"../../../Engine/Content/Functions/Engine_MaterialFunctions02/Utility/CameraDirectionVector.uexp" 131
"../../../Engine/Content/EngineDebugMaterials/VolumeToRender.uasset" 132
"../../../Engine/Content/EngineDebugMaterials/VolumeToRender.uexp" 133
"../../../Engine/Content/EngineDebugMaterials/M_VolumeRenderSphereTracePP.uasset" 134
"../../../Engine/Content/EngineDebugMaterials/M_VolumeRenderSphereTracePP.uexp" 135
"../../../Engine/Content/EngineDebugMaterials/M_SimpleUnlitTranslucent.uasset" 136
"../../../Engine/Content/EngineDebugMaterials/M_SimpleUnlitTranslucent.uexp" 137
"../../../Engine/Content/EngineDebugMaterials/DebugMeshMaterial.uasset" 138
"../../../Engine/Content/EngineDebugMaterials/DebugMeshMaterial.uexp" 139
"../../../Engine/Content/EngineDebugMaterials/DebugEditorMaterial.uasset" 140
"../../../Engine/Content/EngineDebugMaterials/DebugEditorMaterial.uexp" 141
"../../../Engine/Content/EngineResources/GradientTexture0.uasset" 142
"../../../Engine/Content/EngineResources/GradientTexture0.uexp" 143
"../../../Engine/Content/EngineResources/DefaultVolumeTexture2D.uasset" 144
"../../../Engine/Content/EngineResources/DefaultVolumeTexture2D.uexp" 145
"../../../Engine/Content/EngineResources/DefaultVolumeTexture.uasset" 146
"../../../Engine/Content/EngineResources/DefaultVolumeTexture.uexp" 147
"../../../Engine/Content/EngineResources/DefaultTextureCube.uasset" 148
"../../../Engine/Content/EngineResources/DefaultTextureCube.uexp" 149
"../../../Engine/Content/EngineResources/DefaultTexture.ubulk" 150
"../../../Engine/Content/EngineResources/DefaultTexture.uasset" 151
"../../../Engine/Content/EngineResources/DefaultTexture.uexp" 152
"../../../Engine/Content/EngineResources/Black.uasset" 153
"../../../Engine/Content/EngineResources/Black.uexp" 154
"../../../Engine/Content/EngineDamageTypes/DmgTypeBP_Environmental.uasset" 155
"../../../Engine/Content/EngineDamageTypes/DmgTypeBP_Environmental.uexp" 156
"../../../Engine/Content/EditorResources/S_TriggerSphere.uasset" 157
"../../../Engine/Content/EditorResources/S_TriggerSphere.uexp" 158
"../../../Engine/Content/EditorResources/S_TriggerCapsule.uasset" 159
"../../../Engine/Content/EditorResources/S_TriggerCapsule.uexp" 160
"../../../Engine/Content/EditorResources/S_TriggerBox.uasset" 161
"../../../Engine/Content/EditorResources/S_TriggerBox.uexp" 162
"../../../Engine/Content/EditorResources/S_Trigger.ubulk" 163
"../../../Engine/Content/EditorResources/S_Trigger.uasset" 164
"../../../Engine/Content/EditorResources/S_Trigger.uexp" 165
"../../../Engine/Content/EditorResources/S_Terrain.ubulk" 166
"../../../Engine/Content/EditorResources/S_Terrain.uasset" 167
"../../../Engine/Content/EditorResources/S_Terrain.uexp" 168
"../../../Engine/Content/EditorResources/S_Solver.ubulk" 169
"../../../Engine/Content/EditorResources/S_Solver.uasset" 170
"../../../Engine/Content/EditorResources/S_Solver.uexp" 171
"../../../Engine/Content/EngineResources/FilmGrains/Marcie_Grain_v3_128_M2_000.uasset" 172
"../../../Engine/Content/EngineResources/FilmGrains/Marcie_Grain_v3_128_M2_000.uexp" 173
"../../../Engine/Content/EditorResources/S_BoxReflectionCapture.uasset" 174
"../../../Engine/Content/EditorResources/S_BoxReflectionCapture.uexp" 175
"../../../Engine/Content/EditorResources/S_Actor.ubulk" 176
"../../../Engine/Content/EditorResources/S_Actor.uasset" 177
"../../../Engine/Content/EditorResources/S_Actor.uexp" 178
"../../../Engine/Content/EditorResources/EmptyActor.uasset" 179
"../../../Engine/Content/EditorResources/EmptyActor.uexp" 180
"../../../Engine/Content/EditorResources/BSPVertex.uasset" 181
"../../../Engine/Content/EditorResources/BSPVertex.uexp" 182
"../../../Engine/Content/EditorResources/SequenceRecorder/RecordingIndicator.uasset" 183
"../../../Engine/Content/EditorResources/SequenceRecorder/RecordingIndicator.uexp" 184
"../../../Engine/Content/EditorResources/SequenceRecorder/Countdown.uasset" 185
"../../../Engine/Content/EditorResources/SequenceRecorder/Countdown.uexp" 186
"../../../Engine/Content/EditorMaterials/Camera/CineMat.uasset" 187
"../../../Engine/Content/EditorMaterials/Camera/CineMat.uexp" 188
"../../../Engine/Content/EditorMaterials/Camera/MI_CineMat_Rig.uasset" 189
"../../../Engine/Content/EditorMaterials/Camera/MI_CineMat_Rig.uexp" 190
"../../../Engine/Content/EditorMeshes/Camera/SM_RailRig_Track.ubulk" 191
"../../../Engine/Content/EditorMeshes/Camera/SM_RailRig_Track.uasset" 192
"../../../Engine/Content/EditorMeshes/Camera/SM_RailRig_Track.uexp" 193
"../../../Engine/Content/EditorMeshes/Camera/SM_RailRig_Mount.ubulk" 194
"../../../Engine/Content/EditorMeshes/Camera/SM_RailRig_Mount.uasset" 195
"../../../Engine/Content/EditorMeshes/Camera/SM_RailRig_Mount.uexp" 196
"../../../Engine/Content/EditorMeshes/Camera/SM_CraneRig_Mount.ubulk" 197
"../../../Engine/Content/EditorMeshes/Camera/SM_CraneRig_Mount.uasset" 198
"../../../Engine/Content/EditorMeshes/Camera/SM_CraneRig_Mount.uexp" 199
"../../../Engine/Content/EditorMeshes/Camera/SM_CraneRig_Body.ubulk" 200
"../../../Engine/Content/EditorMeshes/Camera/SM_CraneRig_Body.uasset" 201
"../../../Engine/Content/EditorMeshes/Camera/SM_CraneRig_Body.uexp" 202
"../../../Engine/Content/EditorMeshes/Camera/SM_CraneRig_Base.ubulk" 203
"../../../Engine/Content/EditorMeshes/Camera/SM_CraneRig_Base.uasset" 204
"../../../Engine/Content/EditorMeshes/Camera/SM_CraneRig_Base.uexp" 205
"../../../Engine/Content/EditorMeshes/Camera/SM_CraneRig_Arm.ubulk" 206
"../../../Engine/Content/EditorMeshes/Camera/SM_CraneRig_Arm.uasset" 207
"../../../Engine/Content/EditorMeshes/Camera/SM_CraneRig_Arm.uexp" 208
"../../../Engine/Content/EditorMaterials/PreviewShadowIndicator.ubulk" 209
"../../../Engine/Content/EditorMaterials/PreviewShadowIndicator.uasset" 210
"../../../Engine/Content/EditorMaterials/PreviewShadowIndicator.uexp" 211
"../../../Engine/Content/EditorMaterials/PreviewShadowIndicatorMaterial.uasset" 212
"../../../Engine/Content/EditorMaterials/PreviewShadowIndicatorMaterial.uexp" 213
"../../../Engine/Content/EditorMaterials/MAT_Groups_Visibility.uasset" 214
"../../../Engine/Content/EditorMaterials/MAT_Groups_Visibility.uexp" 215
"../../../Engine/Content/EditorMaterials/MAT_Groups_Toggle.uasset" 216
"../../../Engine/Content/EditorMaterials/MAT_Groups_Toggle.uexp" 217
"../../../Engine/Content/Functions/Engine_MaterialFunctions02/Utility/MakeFloat4.uasset" 218
"../../../Engine/Content/Functions/Engine_MaterialFunctions02/Utility/MakeFloat4.uexp" 219
"../../../Engine/Content/Functions/Engine_MaterialFunctions02/Utility/MakeFloat3.uasset" 220
"../../../Engine/Content/Functions/Engine_MaterialFunctions02/Utility/MakeFloat3.uexp" 221
"../../../Engine/Content/Functions/Engine_MaterialFunctions02/Utility/BreakOutFloat3Components.uasset" 222
"../../../Engine/Content/Functions/Engine_MaterialFunctions02/Utility/BreakOutFloat3Components.uexp" 223
"../../../Engine/Content/EditorMaterials/WorldPartition/WorldPartitionSpatialHashGridPreviewMaterial.uasset" 224
"../../../Engine/Content/EditorMaterials/WorldPartition/WorldPartitionSpatialHashGridPreviewMaterial.uexp" 225
"../../../Engine/Content/EditorMaterials/ParticleSystems/PSysThumbnail_OOD.ubulk" 226
"../../../Engine/Content/EditorMaterials/ParticleSystems/PSysThumbnail_OOD.uasset" 227
"../../../Engine/Content/EditorMaterials/ParticleSystems/PSysThumbnail_OOD.uexp" 228
"../../../Engine/Content/EditorMaterials/ParticleSystems/PSysThumbnail_NoImage.ubulk" 229
"../../../Engine/Content/EditorMaterials/ParticleSystems/PSysThumbnail_NoImage.uasset" 230
"../../../Engine/Content/EditorMaterials/ParticleSystems/PSysThumbnail_NoImage.uexp" 231
"../../../Engine/Content/EditorMaterials/MatineeGroups/MAT_Groups_Vector.uasset" 232
"../../../Engine/Content/EditorMaterials/MatineeGroups/MAT_Groups_Vector.uexp" 233
"../../../Engine/Content/EditorMaterials/MatineeGroups/MAT_Groups_Sound.uasset" 234
"../../../Engine/Content/EditorMaterials/MatineeGroups/MAT_Groups_Sound.uexp" 235
"../../../Engine/Content/EditorMaterials/MatineeGroups/MAT_Groups_Slomo.uasset" 236
"../../../Engine/Content/EditorMaterials/MatineeGroups/MAT_Groups_Slomo.uexp" 237
"../../../Engine/Content/EditorMaterials/MatineeGroups/MAT_Groups_Move.uasset" 238
"../../../Engine/Content/EditorMaterials/MatineeGroups/MAT_Groups_Move.uexp" 239
"../../../Engine/Content/EngineSky/VolumetricClouds/CloudWeatherTexture.uasset" 240
"../../../Engine/Content/EngineSky/VolumetricClouds/CloudWeatherTexture.uexp" 241
"../../../Engine/Content/Functions/Engine_MaterialFunctions02/Utility/MakeFloat2.uasset" 242
"../../../Engine/Content/Functions/Engine_MaterialFunctions02/Utility/MakeFloat2.uexp" 243
"../../../Engine/Content/EngineSky/VolumetricClouds/CloudGradientTexture.uasset" 244
"../../../Engine/Content/EngineSky/VolumetricClouds/CloudGradientTexture.uexp" 245
"../../../Engine/Content/EngineSky/VolumetricClouds/T_NoiseShape64.ubulk" 246
"../../../Engine/Content/EngineSky/VolumetricClouds/T_NoiseShape64.uasset" 247
"../../../Engine/Content/EngineSky/VolumetricClouds/T_NoiseShape64.uexp" 248
"../../../Engine/Content/EngineSky/VolumetricClouds/T_VolumeNoiseShape64.uasset" 249
"../../../Engine/Content/EngineSky/VolumetricClouds/T_VolumeNoiseShape64.uexp" 250
"../../../Engine/Content/EngineSky/VolumetricClouds/T_NoiseErosion.ubulk" 251
"../../../Engine/Content/EngineSky/VolumetricClouds/T_NoiseErosion.uasset" 252
"../../../Engine/Content/EngineSky/VolumetricClouds/T_NoiseErosion.uexp" 253
"../../../Engine/Content/EngineSky/VolumetricClouds/T_VolumeNoiseErosion32.uasset" 254
"../../../Engine/Content/EngineSky/VolumetricClouds/T_VolumeNoiseErosion32.uexp" 255
"../../../Engine/Content/EngineSky/VolumetricClouds/m_SimpleVolumetricCloud.uasset" 256
"../../../Engine/Content/EngineSky/VolumetricClouds/m_SimpleVolumetricCloud.uexp" 257
"../../../Engine/Content/EngineSky/VolumetricClouds/m_SimpleVolumetricCloud_Inst.uasset" 258
"../../../Engine/Content/EngineSky/VolumetricClouds/m_SimpleVolumetricCloud_Inst.uexp" 259
"../../../Engine/Content/EditorMaterials/MatineeGroups/MAT_Groups_Float.uasset" 260
"../../../Engine/Content/EditorMaterials/MatineeGroups/MAT_Groups_Float.uexp" 261
"../../../Engine/Content/EditorMaterials/MatineeGroups/MAT_Groups_Fade.uasset" 262
"../../../Engine/Content/EditorMaterials/MatineeGroups/MAT_Groups_Fade.uexp" 263
"../../../Engine/Content/EditorMaterials/MatineeGroups/MAT_Groups_Event.uasset" 264
"../../../Engine/Content/EditorMaterials/MatineeGroups/MAT_Groups_Event.uexp" 265
"../../../Engine/Content/EditorMaterials/MatineeGroups/MAT_Groups_Director.uasset" 266
"../../../Engine/Content/EditorMaterials/MatineeGroups/MAT_Groups_Director.uexp" 267
"../../../Engine/Content/EditorMaterials/MatineeGroups/MAT_Groups_AudioMaster.uasset" 268
"../../../Engine/Content/EditorMaterials/MatineeGroups/MAT_Groups_AudioMaster.uexp" 269
"../../../Engine/Content/EditorMaterials/MatineeGroups/MAT_Groups_Anim.uasset" 270
"../../../Engine/Content/EditorMaterials/MatineeGroups/MAT_Groups_Anim.uexp" 271
"../../../Engine/Content/EditorMaterials/MatineeGroups/MAT_ColorTrack.uasset" 272
"../../../Engine/Content/EditorMaterials/MatineeGroups/MAT_ColorTrack.uexp" 273
"../../../Engine/Content/EditorLandscapeResources/DefaultAlphaTexture.uasset" 274
"../../../Engine/Content/EditorLandscapeResources/DefaultAlphaTexture.uexp" 275
"../../../Engine/Content/EditorLandscapeResources/DataLayer.uasset" 276
"../../../Engine/Content/EditorLandscapeResources/DataLayer.uexp" 277
"../../../Engine/Content/EngineSounds/Master.uasset" 278
"../../../Engine/Content/EngineSounds/Master.uexp" 279
"../../../Engine/Content/EngineMaterials/T_Default_Material_Grid_M.ubulk" 280
"../../../Engine/Content/EngineMaterials/T_Default_Material_Grid_M.uasset" 281
"../../../Engine/Content/EngineMaterials/T_Default_Material_Grid_M.uexp" 282
"../../../Engine/Content/EngineMaterials/T_Default_Material_Grid_N.ubulk" 283
"../../../Engine/Content/EngineMaterials/T_Default_Material_Grid_N.uasset" 284
"../../../Engine/Content/EngineMaterials/T_Default_Material_Grid_N.uexp" 285
"../../../Engine/Content/Functions/Engine_MaterialFunctions01/Opacity/CameraDepthFade.uasset" 286
"../../../Engine/Content/Functions/Engine_MaterialFunctions01/Opacity/CameraDepthFade.uexp" 287
"../../../Engine/Content/EngineMaterials/DefaultMaterial.uasset" 288
"../../../Engine/Content/EngineMaterials/DefaultMaterial.uexp" 289
"../../../Engine/Content/BasicShapes/Sphere.ubulk" 290
"../../../Engine/Content/BasicShapes/Sphere.uasset" 291
"../../../Engine/Content/BasicShapes/Sphere.uexp" 292
"../../../Engine/Content/EngineMaterials/WorldGridMaterial.uasset" 293
"../../../Engine/Content/EngineMaterials/WorldGridMaterial.uexp" 294
"../../../Engine/Content/BasicShapes/Plane.ubulk" 295
"../../../Engine/Content/BasicShapes/Plane.uasset" 296
"../../../Engine/Content/BasicShapes/Plane.uexp" 297
"../../../Engine/Content/BasicShapes/Cylinder.ubulk" 298
"../../../Engine/Content/BasicShapes/Cylinder.uasset" 299
"../../../Engine/Content/BasicShapes/Cylinder.uexp" 300
"../../../Engine/Content/BasicShapes/Cube.ubulk" 301
"../../../Engine/Content/BasicShapes/Cube.uasset" 302
"../../../Engine/Content/BasicShapes/Cube.uexp" 303
"../../../Engine/Content/BasicShapes/Cone.ubulk" 304
"../../../Engine/Content/BasicShapes/Cone.uasset" 305
"../../../Engine/Content/BasicShapes/Cone.uexp" 306
"../../../Engine/Content/ArtTools/RenderToTexture/Meshes/S_1_Unit_Plane.ubulk" 307
"../../../Engine/Content/ArtTools/RenderToTexture/Meshes/S_1_Unit_Plane.uasset" 308
"../../../Engine/Content/ArtTools/RenderToTexture/Meshes/S_1_Unit_Plane.uexp" 309
"E:/Game Project/2022-Unreal-Learning/RollingRocker/RollingRocker2D/Content/Fonts/Oswald-SemiBold.uexp" 310
"E:/Game Project/2022-Unreal-Learning/RollingRocker/RollingRocker2D/Content/Fonts/Oswald-SemiBold.uasset" 311
"E:/Game Project/2022-Unreal-Learning/RollingRocker/RollingRocker2D/Content/Fonts/Oswald-SemiBold.ufont" 312
"E:/Game Project/2022-Unreal-Learning/RollingRocker/RollingRocker2D/Content/Fonts/Oswald-Medium.uexp" 313
"E:/Game Project/2022-Unreal-Learning/RollingRocker/RollingRocker2D/Content/Fonts/Oswald-Medium.uasset" 314
"E:/Game Project/2022-Unreal-Learning/RollingRocker/RollingRocker2D/Content/Fonts/Oswald-Medium.ufont" 315
"E:/Game Project/2022-Unreal-Learning/RollingRocker/RollingRocker2D/Content/Fonts/Oswald-ExtraLight.uexp" 316
"E:/Game Project/2022-Unreal-Learning/RollingRocker/RollingRocker2D/Content/Fonts/Oswald-ExtraLight.uasset" 317
"E:/Game Project/2022-Unreal-Learning/RollingRocker/RollingRocker2D/Content/Fonts/Oswald-ExtraLight.ufont" 318
"E:/Game Project/2022-Unreal-Learning/RollingRocker/RollingRocker2D/Content/Blueprints/Utility/BPI_EditorTick.uasset" 319
"E:/Game Project/2022-Unreal-Learning/RollingRocker/RollingRocker2D/Content/Blueprints/Utility/BPI_EditorTick.uexp" 320
"../../../Engine/Plugins/2D/Paper2D/Content/PlaceholderTextures/DummySpriteTexture.ubulk" 321
"../../../Engine/Plugins/2D/Paper2D/Content/PlaceholderTextures/DummySpriteTexture.uasset" 322
"../../../Engine/Plugins/2D/Paper2D/Content/PlaceholderTextures/DummySpriteTexture.uexp" 323
"../../../Engine/Plugins/2D/Paper2D/Content/DefaultSpriteMaterial.uasset" 324
"../../../Engine/Plugins/2D/Paper2D/Content/DefaultSpriteMaterial.uexp" 325
"../../../Engine/Plugins/2D/Paper2D/Content/TranslucentUnlitSpriteMaterial.uasset" 326
"../../../Engine/Plugins/2D/Paper2D/Content/TranslucentUnlitSpriteMaterial.uexp" 327
"E:/Game Project/2022-Unreal-Learning/RollingRocker/RollingRocker2D/Content/Textures/Rod.ubulk" 328
"E:/Game Project/2022-Unreal-Learning/RollingRocker/RollingRocker2D/Content/Textures/Rod.uasset" 329
"E:/Game Project/2022-Unreal-Learning/RollingRocker/RollingRocker2D/Content/Textures/Rod.uexp" 330
"E:/Game Project/2022-Unreal-Learning/RollingRocker/RollingRocker2D/Content/Sprites/Rod_Sprite.uasset" 331
"E:/Game Project/2022-Unreal-Learning/RollingRocker/RollingRocker2D/Content/Sprites/Rod_Sprite.uexp" 332
"E:/Game Project/2022-Unreal-Learning/RollingRocker/RollingRocker2D/Content/Textures/Rocker_Surprised.uasset" 333
"E:/Game Project/2022-Unreal-Learning/RollingRocker/RollingRocker2D/Content/Textures/Rocker_Surprised.uexp" 334
"E:/Game Project/2022-Unreal-Learning/RollingRocker/RollingRocker2D/Content/Sprites/Rocker_Surprised_Sprite.uasset" 335
"E:/Game Project/2022-Unreal-Learning/RollingRocker/RollingRocker2D/Content/Sprites/Rocker_Surprised_Sprite.uexp" 336
"E:/Game Project/2022-Unreal-Learning/RollingRocker/RollingRocker2D/Content/Textures/Circle.ubulk" 337
"E:/Game Project/2022-Unreal-Learning/RollingRocker/RollingRocker2D/Content/Textures/Circle.uasset" 338
"E:/Game Project/2022-Unreal-Learning/RollingRocker/RollingRocker2D/Content/Textures/Circle.uexp" 339
"E:/Game Project/2022-Unreal-Learning/RollingRocker/RollingRocker2D/Content/Sprites/Circle_Sprite.uasset" 340
"E:/Game Project/2022-Unreal-Learning/RollingRocker/RollingRocker2D/Content/Sprites/Circle_Sprite.uexp" 341
"E:/Game Project/2022-Unreal-Learning/RollingRocker/RollingRocker2D/Content/Blueprints/Actor/BP_RollingRocker.uasset" 342
"E:/Game Project/2022-Unreal-Learning/RollingRocker/RollingRocker2D/Content/Blueprints/Actor/BP_RollingRocker.uexp" 343
"E:/Game Project/2022-Unreal-Learning/RollingRocker/RollingRocker2D/Content/Fonts/Oswald-Regular.uexp" 344
"E:/Game Project/2022-Unreal-Learning/RollingRocker/RollingRocker2D/Content/Fonts/Oswald-Regular.uasset" 345
"E:/Game Project/2022-Unreal-Learning/RollingRocker/RollingRocker2D/Content/Fonts/Oswald-Regular.ufont" 346
"E:/Game Project/2022-Unreal-Learning/RollingRocker/RollingRocker2D/Content/Fonts/Oswald-Bold.uexp" 347
"E:/Game Project/2022-Unreal-Learning/RollingRocker/RollingRocker2D/Content/Fonts/Oswald-Bold.uasset" 348
"E:/Game Project/2022-Unreal-Learning/RollingRocker/RollingRocker2D/Content/Fonts/Oswald-Bold.ufont" 349
"E:/Game Project/2022-Unreal-Learning/RollingRocker/RollingRocker2D/Content/Fonts/Oswald-Light.uexp" 350
"E:/Game Project/2022-Unreal-Learning/RollingRocker/RollingRocker2D/Content/Fonts/Oswald-Light.uasset" 351
"E:/Game Project/2022-Unreal-Learning/RollingRocker/RollingRocker2D/Content/Fonts/Oswald-Light.ufont" 352
"E:/Game Project/2022-Unreal-Learning/RollingRocker/RollingRocker2D/Content/Fonts/Font_Oswald.uasset" 353
"E:/Game Project/2022-Unreal-Learning/RollingRocker/RollingRocker2D/Content/Fonts/Font_Oswald.uexp" 354
"E:/Game Project/2022-Unreal-Learning/RollingRocker/RollingRocker2D/Content/Blueprints/Widget/WBP_PauseMenuButton.uasset" 355
"E:/Game Project/2022-Unreal-Learning/RollingRocker/RollingRocker2D/Content/Blueprints/Widget/WBP_PauseMenuButton.uexp" 356
"E:/Game Project/2022-Unreal-Learning/RollingRocker/RollingRocker2D/Content/Blueprints/Widget/WBP_PauseMenu.uasset" 357
"E:/Game Project/2022-Unreal-Learning/RollingRocker/RollingRocker2D/Content/Blueprints/Widget/WBP_PauseMenu.uexp" 358
"E:/Game Project/2022-Unreal-Learning/RollingRocker/RollingRocker2D/Content/Blueprints/PlayerController/BP_InGamePlayerController.uasset" 359
"E:/Game Project/2022-Unreal-Learning/RollingRocker/RollingRocker2D/Content/Blueprints/PlayerController/BP_InGamePlayerController.uexp" 360
"E:/Game Project/2022-Unreal-Learning/RollingRocker/RollingRocker2D/Content/Blueprints/GameMode/BP_InGameMode.uasset" 361
"E:/Game Project/2022-Unreal-Learning/RollingRocker/RollingRocker2D/Content/Blueprints/GameMode/BP_InGameMode.uexp" 362
"E:/Game Project/2022-Unreal-Learning/RollingRocker/RollingRocker2D/Content/Blueprints/Interface/BPI_RollingRockerEventHandler.uasset" 363
"E:/Game Project/2022-Unreal-Learning/RollingRocker/RollingRocker2D/Content/Blueprints/Interface/BPI_RollingRockerEventHandler.uexp" 364
"E:/Game Project/2022-Unreal-Learning/RollingRocker/RollingRocker2D/Content/Blueprints/Level/BP_BasicLevelSroller.uasset" 365
"E:/Game Project/2022-Unreal-Learning/RollingRocker/RollingRocker2D/Content/Blueprints/Level/BP_BasicLevelSroller.uexp" 366
"../../../Engine/Content/Functions/Engine_MaterialFunctions01/Shading/PowerToRoughness.uasset" 367
"../../../Engine/Content/Functions/Engine_MaterialFunctions01/Shading/PowerToRoughness.uexp" 368
"../../../Engine/Content/Functions/Engine_MaterialFunctions01/Shading/ConvertFromDiffSpec.uasset" 369
"../../../Engine/Content/Functions/Engine_MaterialFunctions01/Shading/ConvertFromDiffSpec.uexp" 370
"../../../Engine/Content/MobileResources/HUD/VirtualJoystick_Background.uasset" 371
"../../../Engine/Content/MobileResources/HUD/VirtualJoystick_Background.uexp" 372
"../../../Engine/Content/MobileResources/HUD/VirtualJoystick_Thumb.uasset" 373
"../../../Engine/Content/MobileResources/HUD/VirtualJoystick_Thumb.uexp" 374
"../../../Engine/Content/MobileResources/HUD/DefaultVirtualJoysticks.uasset" 375
"../../../Engine/Content/MobileResources/HUD/DefaultVirtualJoysticks.uexp" 376
"../../../Engine/Content/Tutorial/ContentIntroCurve.uasset" 377
"../../../Engine/Content/Tutorial/ContentIntroCurve.uexp" 378
"../../../Engine/Content/Tutorial/BlueprintTutorials/TutorialAssets/Blueprint_64x.uasset" 379
"../../../Engine/Content/Tutorial/BlueprintTutorials/TutorialAssets/Blueprint_64x.uexp" 380
"../../../Engine/Content/VREditor/TransformGizmo/Main.uasset" 381
"../../../Engine/Content/VREditor/TransformGizmo/Main.uexp" 382
"../../../Engine/Content/VREditor/TransformGizmo/Xray.uasset" 383
"../../../Engine/Content/VREditor/TransformGizmo/Xray.uexp" 384
"../../../Engine/Content/VREditor/TransformGizmo/SM_Sequencer_Node.ubulk" 385
"../../../Engine/Content/VREditor/TransformGizmo/SM_Sequencer_Node.uasset" 386
"../../../Engine/Content/VREditor/TransformGizmo/SM_Sequencer_Node.uexp" 387
"../../../Engine/Content/VREditor/LaserPointer/VR_LaserPower_01.ubulk" 388
"../../../Engine/Content/VREditor/LaserPointer/VR_LaserPower_01.uasset" 389
"../../../Engine/Content/VREditor/LaserPointer/VR_LaserPower_01.uexp" 390
"../../../Engine/Content/VREditor/TransformGizmo/TransformGizmoMaterial.uasset" 391
"../../../Engine/Content/VREditor/TransformGizmo/TransformGizmoMaterial.uexp" 392
"../../../Engine/Content/VREditor/TransformGizmo/TranslucentTransformGizmoMaterial.uasset" 393
"../../../Engine/Content/VREditor/TransformGizmo/TranslucentTransformGizmoMaterial.uexp" 394
"../../../Engine/Content/VREditor/TransformGizmo/PlaneTranslationHandle.ubulk" 395
"../../../Engine/Content/VREditor/TransformGizmo/PlaneTranslationHandle.uasset" 396
"../../../Engine/Content/VREditor/TransformGizmo/PlaneTranslationHandle.uexp" 397
"../../../Engine/Content/VREditor/TransformGizmo/BoundingBoxEdge.ubulk" 398
"../../../Engine/Content/VREditor/TransformGizmo/BoundingBoxEdge.uasset" 399
"../../../Engine/Content/VREditor/TransformGizmo/BoundingBoxEdge.uexp" 400
"../../../Engine/Content/VREditor/TransformGizmo/BoundingBoxCorner.ubulk" 401
"../../../Engine/Content/VREditor/TransformGizmo/BoundingBoxCorner.uasset" 402
"../../../Engine/Content/VREditor/TransformGizmo/BoundingBoxCorner.uexp" 403
"../../../Engine/Plugins/2D/Paper2D/Content/OpaqueUnlitSpriteMaterial.uasset" 404
"../../../Engine/Plugins/2D/Paper2D/Content/OpaqueUnlitSpriteMaterial.uexp" 405
"../../../Engine/Plugins/2D/Paper2D/Content/MaskedUnlitSpriteMaterial.uasset" 406
"../../../Engine/Plugins/2D/Paper2D/Content/MaskedUnlitSpriteMaterial.uexp" 407
"../../../Engine/Plugins/2D/Paper2D/Content/DummySprite.uasset" 408
"../../../Engine/Plugins/2D/Paper2D/Content/DummySprite.uexp" 409
"../../../Engine/Plugins/2D/Paper2D/Content/DefaultPaperTerrainMaterial.uasset" 410
"../../../Engine/Plugins/2D/Paper2D/Content/DefaultPaperTerrainMaterial.uexp" 411
"../../../Engine/Plugins/Animation/ControlRig/Content/M_Manip.uasset" 412
"../../../Engine/Plugins/Animation/ControlRig/Content/M_Manip.uexp" 413
"../../../Engine/Plugins/Animation/ControlRig/Content/Controls/DefaultGizmoLibraryNormalized.uasset" 414
"../../../Engine/Plugins/Animation/ControlRig/Content/Controls/DefaultGizmoLibraryNormalized.uexp" 415
"../../../Engine/Plugins/Animation/ControlRig/Content/Controls/ControlRig_Wedge_solid.ubulk" 416
"../../../Engine/Plugins/Animation/ControlRig/Content/Controls/ControlRig_Wedge_solid.uasset" 417
"../../../Engine/Plugins/Animation/ControlRig/Content/Controls/ControlRig_Wedge_solid.uexp" 418
"../../../Engine/Plugins/Animation/ControlRig/Content/Controls/ControlRig_Wedge_3mm.ubulk" 419
"../../../Engine/Plugins/Animation/ControlRig/Content/Controls/ControlRig_Wedge_3mm.uasset" 420
"../../../Engine/Plugins/Animation/ControlRig/Content/Controls/ControlRig_Wedge_3mm.uexp" 421
"../../../Engine/Plugins/Animation/ControlRig/Content/Controls/ControlRig_Wedge_1mm.ubulk" 422
"../../../Engine/Plugins/Animation/ControlRig/Content/Controls/ControlRig_Wedge_1mm.uasset" 423
"../../../Engine/Plugins/Animation/ControlRig/Content/Controls/ControlRig_Wedge_1mm.uexp" 424
"../../../Engine/Plugins/Animation/ControlRig/Content/Controls/ControlRig_Triangle_solid.ubulk" 425
"../../../Engine/Plugins/Animation/ControlRig/Content/Controls/ControlRig_Triangle_solid.uasset" 426
"../../../Engine/Plugins/Animation/ControlRig/Content/Controls/ControlRig_Triangle_solid.uexp" 427
"../../../Engine/Plugins/Animation/ControlRig/Content/Controls/ControlRig_Triangle_3mm.ubulk" 428
"../../../Engine/Plugins/Animation/ControlRig/Content/Controls/ControlRig_Triangle_3mm.uasset" 429
"../../../Engine/Plugins/Animation/ControlRig/Content/Controls/ControlRig_Triangle_3mm.uexp" 430
"../../../Engine/Plugins/Animation/ControlRig/Content/Controls/ControlRig_Triangle_1mm.ubulk" 431
"../../../Engine/Plugins/Animation/ControlRig/Content/Controls/ControlRig_Triangle_1mm.uasset" 432
"../../../Engine/Plugins/Animation/ControlRig/Content/Controls/ControlRig_Triangle_1mm.uexp" 433
"../../../Engine/Plugins/Animation/ControlRig/Content/Controls/ControlRig_Star4_solid.ubulk" 434
"../../../Engine/Plugins/Animation/ControlRig/Content/Controls/ControlRig_Star4_solid.uasset" 435
"../../../Engine/Plugins/Animation/ControlRig/Content/Controls/ControlRig_Star4_solid.uexp" 436
"../../../Engine/Plugins/Animation/ControlRig/Content/Controls/ControlRig_Star4_3mm.ubulk" 437
"../../../Engine/Plugins/Animation/ControlRig/Content/Controls/ControlRig_Star4_3mm.uasset" 438
"../../../Engine/Plugins/Animation/ControlRig/Content/Controls/ControlRig_Star4_3mm.uexp" 439
"../../../Engine/Plugins/Animation/ControlRig/Content/Controls/ControlRig_Star4_1mm.ubulk" 440
"../../../Engine/Plugins/Animation/ControlRig/Content/Controls/ControlRig_Star4_1mm.uasset" 441
"../../../Engine/Plugins/Animation/ControlRig/Content/Controls/ControlRig_Star4_1mm.uexp" 442
"../../../Engine/Plugins/Animation/ControlRig/Content/Controls/ControlRig_Square_solid.ubulk" 443
"../../../Engine/Plugins/Animation/ControlRig/Content/Controls/ControlRig_Square_solid.uasset" 444
"../../../Engine/Plugins/Animation/ControlRig/Content/Controls/ControlRig_Square_solid.uexp" 445
"../../../Engine/Plugins/Animation/ControlRig/Content/Controls/ControlRig_Square_3mm.ubulk" 446
"../../../Engine/Plugins/Animation/ControlRig/Content/Controls/ControlRig_Square_3mm.uasset" 447
"../../../Engine/Plugins/Animation/ControlRig/Content/Controls/ControlRig_Square_3mm.uexp" 448
"../../../Engine/Plugins/Animation/ControlRig/Content/Controls/ControlRig_Square_1mm.ubulk" 449
"../../../Engine/Plugins/Animation/ControlRig/Content/Controls/ControlRig_Square_1mm.uasset" 450
"../../../Engine/Plugins/Animation/ControlRig/Content/Controls/ControlRig_Square_1mm.uexp" 451
"../../../Engine/Plugins/Animation/ControlRig/Content/Controls/ControlRig_Sphere_solid.ubulk" 452
"../../../Engine/Plugins/Animation/ControlRig/Content/Controls/ControlRig_Sphere_solid.uasset" 453
"../../../Engine/Plugins/Animation/ControlRig/Content/Controls/ControlRig_Sphere_solid.uexp" 454
"../../../Engine/Plugins/Animation/ControlRig/Content/Controls/ControlRig_Sphere_3mm.ubulk" 455
"../../../Engine/Plugins/Animation/ControlRig/Content/Controls/ControlRig_Sphere_3mm.uasset" 456
"../../../Engine/Plugins/Animation/ControlRig/Content/Controls/ControlRig_Sphere_3mm.uexp" 457
"../../../Engine/Plugins/Animation/ControlRig/Content/Controls/ControlRig_Sphere_1mm.ubulk" 458
"../../../Engine/Plugins/Animation/ControlRig/Content/Controls/ControlRig_Sphere_1mm.uasset" 459
"../../../Engine/Plugins/Animation/ControlRig/Content/Controls/ControlRig_Sphere_1mm.uexp" 460
"../../../Engine/Plugins/Animation/ControlRig/Content/Controls/ControlRig_RoundedTriangle_solid.ubulk" 461
"../../../Engine/Plugins/Animation/ControlRig/Content/Controls/ControlRig_RoundedTriangle_solid.uasset" 462
"../../../Engine/Plugins/Animation/ControlRig/Content/Controls/ControlRig_RoundedTriangle_solid.uexp" 463
"../../../Engine/Plugins/Animation/ControlRig/Content/Controls/ControlRig_RoundedTriangle_3mm.ubulk" 464
"../../../Engine/Plugins/Animation/ControlRig/Content/Controls/ControlRig_RoundedTriangle_3mm.uasset" 465
"../../../Engine/Plugins/Animation/ControlRig/Content/Controls/ControlRig_RoundedTriangle_3mm.uexp" 466
"../../../Engine/Plugins/Animation/ControlRig/Content/Controls/ControlRig_RoundedTriangle_1mm.ubulk" 467
"../../../Engine/Plugins/Animation/ControlRig/Content/Controls/ControlRig_RoundedTriangle_1mm.uasset" 468
"../../../Engine/Plugins/Animation/ControlRig/Content/Controls/ControlRig_RoundedTriangle_1mm.uexp" 469
"../../../Engine/Plugins/Animation/ControlRig/Content/Controls/ControlRig_RoundedSquare_solid.ubulk" 470
"../../../Engine/Plugins/Animation/ControlRig/Content/Controls/ControlRig_RoundedSquare_solid.uasset" 471
"../../../Engine/Plugins/Animation/ControlRig/Content/Controls/ControlRig_RoundedSquare_solid.uexp" 472
"../../../Engine/Plugins/Animation/ControlRig/Content/Controls/ControlRig_RoundedSquare_3mm.ubulk" 473
"../../../Engine/Plugins/Animation/ControlRig/Content/Controls/ControlRig_RoundedSquare_3mm.uasset" 474
"../../../Engine/Plugins/Animation/ControlRig/Content/Controls/ControlRig_RoundedSquare_3mm.uexp" 475
"../../../Engine/Plugins/Animation/ControlRig/Content/Controls/ControlRig_RoundedSquare_1mm.ubulk" 476
"../../../Engine/Plugins/Animation/ControlRig/Content/Controls/ControlRig_RoundedSquare_1mm.uasset" 477
"../../../Engine/Plugins/Animation/ControlRig/Content/Controls/ControlRig_RoundedSquare_1mm.uexp" 478
"../../../Engine/Plugins/Animation/ControlRig/Content/Controls/ControlRig_QuarterCircle_solid.ubulk" 479
"../../../Engine/Plugins/Animation/ControlRig/Content/Controls/ControlRig_QuarterCircle_solid.uasset" 480
"../../../Engine/Plugins/Animation/ControlRig/Content/Controls/ControlRig_QuarterCircle_solid.uexp" 481
"../../../Engine/Plugins/Animation/ControlRig/Content/Controls/ControlRig_QuarterCircle_3mm.ubulk" 482
"../../../Engine/Plugins/Animation/ControlRig/Content/Controls/ControlRig_QuarterCircle_3mm.uasset" 483
"../../../Engine/Plugins/Animation/ControlRig/Content/Controls/ControlRig_QuarterCircle_3mm.uexp" 484
"../../../Engine/Plugins/Animation/ControlRig/Content/Controls/ControlRig_QuarterCircle_1mm.ubulk" 485
"../../../Engine/Plugins/Animation/ControlRig/Content/Controls/ControlRig_QuarterCircle_1mm.uasset" 486
"../../../Engine/Plugins/Animation/ControlRig/Content/Controls/ControlRig_QuarterCircle_1mm.uexp" 487
"../../../Engine/Plugins/Animation/ControlRig/Content/Controls/ControlRig_Pyramid_solid.ubulk" 488
"../../../Engine/Plugins/Animation/ControlRig/Content/Controls/ControlRig_Pyramid_solid.uasset" 489
"../../../Engine/Plugins/Animation/ControlRig/Content/Controls/ControlRig_Pyramid_solid.uexp" 490
"../../../Engine/Plugins/Animation/ControlRig/Content/Controls/ControlRig_Pyramid_3mm.ubulk" 491
"../../../Engine/Plugins/Animation/ControlRig/Content/Controls/ControlRig_Pyramid_3mm.uasset" 492
"../../../Engine/Plugins/Animation/ControlRig/Content/Controls/ControlRig_Pyramid_3mm.uexp" 493
"../../../Engine/Plugins/Animation/ControlRig/Content/Controls/ControlRig_Pyramid_1mm.ubulk" 494
"../../../Engine/Plugins/Animation/ControlRig/Content/Controls/ControlRig_Pyramid_1mm.uasset" 495
"../../../Engine/Plugins/Animation/ControlRig/Content/Controls/ControlRig_Pyramid_1mm.uexp" 496
"../../../Engine/Plugins/Animation/ControlRig/Content/Controls/ControlRig_Octagon_solid.ubulk" 497
"../../../Engine/Plugins/Animation/ControlRig/Content/Controls/ControlRig_Octagon_solid.uasset" 498
"../../../Engine/Plugins/Animation/ControlRig/Content/Controls/ControlRig_Octagon_solid.uexp" 499
"../../../Engine/Plugins/Animation/ControlRig/Content/Controls/ControlRig_Octagon_3mm.ubulk" 500
"../../../Engine/Plugins/Animation/ControlRig/Content/Controls/ControlRig_Octagon_3mm.uasset" 501
"../../../Engine/Plugins/Animation/ControlRig/Content/Controls/ControlRig_Octagon_3mm.uexp" 502
"../../../Engine/Plugins/Animation/ControlRig/Content/Controls/ControlRig_Octagon_1mm.ubulk" 503
"../../../Engine/Plugins/Animation/ControlRig/Content/Controls/ControlRig_Octagon_1mm.uasset" 504
"../../../Engine/Plugins/Animation/ControlRig/Content/Controls/ControlRig_Octagon_1mm.uexp" 505
"../../../Engine/Plugins/Animation/ControlRig/Content/Controls/ControlRig_Hexagon_solid.ubulk" 506
"../../../Engine/Plugins/Animation/ControlRig/Content/Controls/ControlRig_Hexagon_solid.uasset" 507
"../../../Engine/Plugins/Animation/ControlRig/Content/Controls/ControlRig_Hexagon_solid.uexp" 508
"../../../Engine/Plugins/Animation/ControlRig/Content/Controls/ControlRig_Hexagon_3mm.ubulk" 509
"../../../Engine/Plugins/Animation/ControlRig/Content/Controls/ControlRig_Hexagon_3mm.uasset" 510
"../../../Engine/Plugins/Animation/ControlRig/Content/Controls/ControlRig_Hexagon_3mm.uexp" 511
"../../../Engine/Plugins/Animation/ControlRig/Content/Controls/ControlRig_Hexagon_1mm.ubulk" 512
"../../../Engine/Plugins/Animation/ControlRig/Content/Controls/ControlRig_Hexagon_1mm.uasset" 513
"../../../Engine/Plugins/Animation/ControlRig/Content/Controls/ControlRig_Hexagon_1mm.uexp" 514
"../../../Engine/Plugins/Animation/ControlRig/Content/Controls/ControlRig_HalfCircle_solid.ubulk" 515
"../../../Engine/Plugins/Animation/ControlRig/Content/Controls/ControlRig_HalfCircle_solid.uasset" 516
"../../../Engine/Plugins/Animation/ControlRig/Content/Controls/ControlRig_HalfCircle_solid.uexp" 517
"../../../Engine/Plugins/Animation/ControlRig/Content/Controls/ControlRig_HalfCircle_3mm.ubulk" 518
"../../../Engine/Plugins/Animation/ControlRig/Content/Controls/ControlRig_HalfCircle_3mm.uasset" 519
"../../../Engine/Plugins/Animation/ControlRig/Content/Controls/ControlRig_HalfCircle_3mm.uexp" 520
"../../../Engine/Plugins/Animation/ControlRig/Content/Controls/ControlRig_HalfCircle_1mm.ubulk" 521
"../../../Engine/Plugins/Animation/ControlRig/Content/Controls/ControlRig_HalfCircle_1mm.uasset" 522
"../../../Engine/Plugins/Animation/ControlRig/Content/Controls/ControlRig_HalfCircle_1mm.uexp" 523
"../../../Engine/Plugins/Animation/ControlRig/Content/Controls/ControlRig_Diamond_solid.ubulk" 524
"../../../Engine/Plugins/Animation/ControlRig/Content/Controls/ControlRig_Diamond_solid.uasset" 525
"../../../Engine/Plugins/Animation/ControlRig/Content/Controls/ControlRig_Diamond_solid.uexp" 526
"../../../Engine/Plugins/Animation/ControlRig/Content/Controls/ControlRig_Diamond_3mm.ubulk" 527
"../../../Engine/Plugins/Animation/ControlRig/Content/Controls/ControlRig_Diamond_3mm.uasset" 528
"../../../Engine/Plugins/Animation/ControlRig/Content/Controls/ControlRig_Diamond_3mm.uexp" 529
"../../../Engine/Plugins/Animation/ControlRig/Content/Controls/ControlRig_Diamond_1mm.ubulk" 530
"../../../Engine/Plugins/Animation/ControlRig/Content/Controls/ControlRig_Diamond_1mm.uasset" 531
"../../../Engine/Plugins/Animation/ControlRig/Content/Controls/ControlRig_Diamond_1mm.uexp" 532
"../../../Engine/Plugins/Animation/ControlRig/Content/Controls/ControlRig_Circle_solid.ubulk" 533
"../../../Engine/Plugins/Animation/ControlRig/Content/Controls/ControlRig_Circle_solid.uasset" 534
"../../../Engine/Plugins/Animation/ControlRig/Content/Controls/ControlRig_Circle_solid.uexp" 535
"../../../Engine/Plugins/Animation/ControlRig/Content/Controls/ControlRig_Circle_3mm.ubulk" 536
"../../../Engine/Plugins/Animation/ControlRig/Content/Controls/ControlRig_Circle_3mm.uasset" 537
"../../../Engine/Plugins/Animation/ControlRig/Content/Controls/ControlRig_Circle_3mm.uexp" 538
"../../../Engine/Plugins/Animation/ControlRig/Content/Controls/ControlRig_Circle_1mm.ubulk" 539
"../../../Engine/Plugins/Animation/ControlRig/Content/Controls/ControlRig_Circle_1mm.uasset" 540
"../../../Engine/Plugins/Animation/ControlRig/Content/Controls/ControlRig_Circle_1mm.uexp" 541
"../../../Engine/Plugins/Animation/ControlRig/Content/Controls/ControlRig_Box_solid.ubulk" 542
"../../../Engine/Plugins/Animation/ControlRig/Content/Controls/ControlRig_Box_solid.uasset" 543
"../../../Engine/Plugins/Animation/ControlRig/Content/Controls/ControlRig_Box_solid.uexp" 544
"../../../Engine/Plugins/Animation/ControlRig/Content/Controls/ControlRig_Box_3mm.ubulk" 545
"../../../Engine/Plugins/Animation/ControlRig/Content/Controls/ControlRig_Box_3mm.uasset" 546
"../../../Engine/Plugins/Animation/ControlRig/Content/Controls/ControlRig_Box_3mm.uexp" 547
"../../../Engine/Plugins/Animation/ControlRig/Content/Controls/ControlRig_Box_1mm.ubulk" 548
"../../../Engine/Plugins/Animation/ControlRig/Content/Controls/ControlRig_Box_1mm.uasset" 549
"../../../Engine/Plugins/Animation/ControlRig/Content/Controls/ControlRig_Box_1mm.uexp" 550
"../../../Engine/Plugins/Animation/ControlRig/Content/Controls/ControlRig_Arrow_solid.ubulk" 551
"../../../Engine/Plugins/Animation/ControlRig/Content/Controls/ControlRig_Arrow_solid.uasset" 552
"../../../Engine/Plugins/Animation/ControlRig/Content/Controls/ControlRig_Arrow_solid.uexp" 553
"../../../Engine/Plugins/Animation/ControlRig/Content/Controls/ControlRig_Arrow_3mm.ubulk" 554
"../../../Engine/Plugins/Animation/ControlRig/Content/Controls/ControlRig_Arrow_3mm.uasset" 555
"../../../Engine/Plugins/Animation/ControlRig/Content/Controls/ControlRig_Arrow_3mm.uexp" 556
"../../../Engine/Plugins/Animation/ControlRig/Content/Controls/ControlRig_Arrow_1mm.ubulk" 557
"../../../Engine/Plugins/Animation/ControlRig/Content/Controls/ControlRig_Arrow_1mm.uasset" 558
"../../../Engine/Plugins/Animation/ControlRig/Content/Controls/ControlRig_Arrow_1mm.uexp" 559
"../../../Engine/Plugins/Animation/ControlRig/Content/Controls/ControlRig_Arrow4_solid.ubulk" 560
"../../../Engine/Plugins/Animation/ControlRig/Content/Controls/ControlRig_Arrow4_solid.uasset" 561
"../../../Engine/Plugins/Animation/ControlRig/Content/Controls/ControlRig_Arrow4_solid.uexp" 562
"../../../Engine/Plugins/Animation/ControlRig/Content/Controls/ControlRig_Arrow4_3mm.ubulk" 563
"../../../Engine/Plugins/Animation/ControlRig/Content/Controls/ControlRig_Arrow4_3mm.uasset" 564
"../../../Engine/Plugins/Animation/ControlRig/Content/Controls/ControlRig_Arrow4_3mm.uexp" 565
"../../../Engine/Plugins/Animation/ControlRig/Content/Controls/ControlRig_Arrow4_1mm.ubulk" 566
"../../../Engine/Plugins/Animation/ControlRig/Content/Controls/ControlRig_Arrow4_1mm.uasset" 567
"../../../Engine/Plugins/Animation/ControlRig/Content/Controls/ControlRig_Arrow4_1mm.uexp" 568
"../../../Engine/Plugins/Animation/ControlRig/Content/Controls/ControlRig_Arrow2_solid.ubulk" 569
"../../../Engine/Plugins/Animation/ControlRig/Content/Controls/ControlRig_Arrow2_solid.uasset" 570
"../../../Engine/Plugins/Animation/ControlRig/Content/Controls/ControlRig_Arrow2_solid.uexp" 571
"../../../Engine/Plugins/Animation/ControlRig/Content/Controls/ControlRig_Arrow2_3mm.ubulk" 572
"../../../Engine/Plugins/Animation/ControlRig/Content/Controls/ControlRig_Arrow2_3mm.uasset" 573
"../../../Engine/Plugins/Animation/ControlRig/Content/Controls/ControlRig_Arrow2_3mm.uexp" 574
"../../../Engine/Plugins/Animation/ControlRig/Content/Controls/ControlRig_Arrow2_1mm.ubulk" 575
"../../../Engine/Plugins/Animation/ControlRig/Content/Controls/ControlRig_Arrow2_1mm.uasset" 576
"../../../Engine/Plugins/Animation/ControlRig/Content/Controls/ControlRig_Arrow2_1mm.uexp" 577
"../../../Engine/Plugins/Animation/ControlRig/Content/Controls/ControlRigGizmoMaterial.uasset" 578
"../../../Engine/Plugins/Animation/ControlRig/Content/Controls/ControlRigGizmoMaterial.uexp" 579
"../../../Engine/Plugins/Editor/SpeedTreeImporter/Content/SpeedTree9/game_wind_noise.ubulk" 580
"../../../Engine/Plugins/Editor/SpeedTreeImporter/Content/SpeedTree9/game_wind_noise.uasset" 581
"../../../Engine/Plugins/Editor/SpeedTreeImporter/Content/SpeedTree9/game_wind_noise.uexp" 582
"../../../Engine/Plugins/Editor/SpeedTreeImporter/Content/SpeedTree9/UnpackDirection.uasset" 583
"../../../Engine/Plugins/Editor/SpeedTreeImporter/Content/SpeedTree9/UnpackDirection.uexp" 584
"../../../Engine/Content/Functions/Engine_MaterialFunctions02/ObjectLocalBounds.uasset" 585
"../../../Engine/Content/Functions/Engine_MaterialFunctions02/ObjectLocalBounds.uexp" 586
"../../../Engine/Content/Functions/Engine_MaterialFunctions02/UVs/BoundingBoxBased_0-1_UVW.uasset" 587
"../../../Engine/Content/Functions/Engine_MaterialFunctions02/UVs/BoundingBoxBased_0-1_UVW.uexp" 588
"../../../Engine/Content/Functions/Engine_MaterialFunctions02/Utility/VectorLength.uasset" 589
"../../../Engine/Content/Functions/Engine_MaterialFunctions02/Utility/VectorLength.uexp" 590
"../../../Engine/Plugins/Editor/SpeedTreeImporter/Content/SpeedTree9/UnpackInteger3.uasset" 591
"../../../Engine/Plugins/Editor/SpeedTreeImporter/Content/SpeedTree9/UnpackInteger3.uexp" 592
"../../../Engine/Plugins/Editor/SpeedTreeImporter/Content/SpeedTree9/SpeedTreeCameraFacing.uasset" 593
"../../../Engine/Plugins/Editor/SpeedTreeImporter/Content/SpeedTree9/SpeedTreeCameraFacing.uexp" 594
"../../../Engine/Content/Functions/Engine_MaterialFunctions02/WorldPositionOffset/ObjectScale.uasset" 595
"../../../Engine/Content/Functions/Engine_MaterialFunctions02/WorldPositionOffset/ObjectScale.uexp" 596
"../../../Engine/Content/Functions/Engine_MaterialFunctions02/SafeNormalize.uasset" 597
"../../../Engine/Content/Functions/Engine_MaterialFunctions02/SafeNormalize.uexp" 598
"../../../Engine/Plugins/Editor/SpeedTreeImporter/Content/SpeedTree9/SpeedTreeWindMotion.uasset" 599
"../../../Engine/Plugins/Editor/SpeedTreeImporter/Content/SpeedTree9/SpeedTreeWindMotion.uexp" 600
"../../../Engine/Plugins/Editor/SpeedTreeImporter/Content/SpeedTree9/SpeedTreeBranchMotion.uasset" 601
"../../../Engine/Plugins/Editor/SpeedTreeImporter/Content/SpeedTree9/SpeedTreeBranchMotion.uexp" 602
"../../../Engine/Plugins/Editor/SpeedTreeImporter/Content/SpeedTree9/SpeedTreeWind.uasset" 603
"../../../Engine/Plugins/Editor/SpeedTreeImporter/Content/SpeedTree9/SpeedTreeWind.uexp" 604
"../../../Engine/Plugins/Editor/SpeedTreeImporter/Content/SpeedTree9/EmptyNormal.uasset" 605
"../../../Engine/Plugins/Editor/SpeedTreeImporter/Content/SpeedTree9/EmptyNormal.uexp" 606
"../../../Engine/Plugins/Editor/SpeedTreeImporter/Content/SpeedTree9/Empty.uasset" 607
"../../../Engine/Plugins/Editor/SpeedTreeImporter/Content/SpeedTree9/Empty.uexp" 608
"../../../Engine/Plugins/Editor/SpeedTreeImporter/Content/SpeedTree9/SpeedTreeMaster.uasset" 609
"../../../Engine/Plugins/Editor/SpeedTreeImporter/Content/SpeedTree9/SpeedTreeMaster.uexp" 610
"../../../Engine/Plugins/Editor/SpeedTreeImporter/Content/SpeedTree9/SpeedTreeBillboard.uasset" 611
"../../../Engine/Plugins/Editor/SpeedTreeImporter/Content/SpeedTree9/SpeedTreeBillboard.uexp" 612
"../../../Engine/Plugins/Editor/SpeedTreeImporter/Content/SpeedTree9/SpeedTreeBillboardMaster.uasset" 613
"../../../Engine/Plugins/Editor/SpeedTreeImporter/Content/SpeedTree9/SpeedTreeBillboardMaster.uexp" 614
"../../../Engine/Plugins/Runtime/HairStrands/Content/Materials/HairMeshesDefaultMaterial.uasset" 615
"../../../Engine/Plugins/Runtime/HairStrands/Content/Materials/HairMeshesDefaultMaterial.uexp" 616
"../../../Engine/Plugins/Runtime/HairStrands/Content/Materials/HairDefaultMaterial.uasset" 617
"../../../Engine/Plugins/Runtime/HairStrands/Content/Materials/HairDefaultMaterial.uexp" 618
"../../../Engine/Plugins/Runtime/HairStrands/Content/Materials/HairGroupColors.uasset" 619
"../../../Engine/Plugins/Runtime/HairStrands/Content/Materials/HairGroupColors.uexp" 620
"../../../Engine/Content/EngineMaterials/HairColorMap.uasset" 621
"../../../Engine/Content/EngineMaterials/HairColorMap.uexp" 622
"../../../Engine/Content/EngineMaterials/HairDebugColor.uasset" 623
"../../../Engine/Content/EngineMaterials/HairDebugColor.uexp" 624
"../../../Engine/Plugins/Runtime/HairStrands/Content/Materials/HairDebugMaterial.uasset" 625
"../../../Engine/Plugins/Runtime/HairStrands/Content/Materials/HairDebugMaterial.uexp" 626
"../../../Engine/Plugins/Runtime/HairStrands/Content/Materials/HairCardsDefaultMaterial.uasset" 627
"../../../Engine/Plugins/Runtime/HairStrands/Content/Materials/HairCardsDefaultMaterial.uexp" 628
"E:/Game Project/2022-Unreal-Learning/RollingRocker/RollingRocker2D/Content/Textures/Rocker_Normal.uasset" 629
"E:/Game Project/2022-Unreal-Learning/RollingRocker/RollingRocker2D/Content/Textures/Rocker_Normal.uexp" 630
"E:/Game Project/2022-Unreal-Learning/RollingRocker/RollingRocker2D/Content/Sprites/Rocker_Normal_Sprite.uasset" 631
"E:/Game Project/2022-Unreal-Learning/RollingRocker/RollingRocker2D/Content/Sprites/Rocker_Normal_Sprite.uexp" 632
"../../../Engine/Content/Maps/Entry_BuiltData.uasset" 633
"../../../Engine/Content/Maps/Entry_BuiltData.uexp" 634
"../../../Engine/Content/Maps/Entry.uexp" 635
"../../../Engine/Content/Maps/Entry.umap" 636
"E:/Game Project/2022-Unreal-Learning/RollingRocker/RollingRocker2D/Content/Textures/Square.ubulk" 637
"E:/Game Project/2022-Unreal-Learning/RollingRocker/RollingRocker2D/Content/Textures/Square.uasset" 638
"E:/Game Project/2022-Unreal-Learning/RollingRocker/RollingRocker2D/Content/Textures/Square.uexp" 639
"E:/Game Project/2022-Unreal-Learning/RollingRocker/RollingRocker2D/Content/Sprites/Square_Sprite.uasset" 640
"E:/Game Project/2022-Unreal-Learning/RollingRocker/RollingRocker2D/Content/Sprites/Square_Sprite.uexp" 641
"E:/Game Project/2022-Unreal-Learning/RollingRocker/RollingRocker2D/Content/Blueprints/Actor/BP_HoleDebug.uasset" 642
"E:/Game Project/2022-Unreal-Learning/RollingRocker/RollingRocker2D/Content/Blueprints/Actor/BP_HoleDebug.uexp" 643
"E:/Game Project/2022-Unreal-Learning/RollingRocker/RollingRocker2D/Content/Maps/DefaultMap.uexp" 644
"E:/Game Project/2022-Unreal-Learning/RollingRocker/RollingRocker2D/Content/Maps/DefaultMap.umap" 645
"E:/Game Project/2022-Unreal-Learning/RollingRocker/RollingRocker2D/Content/Maps/GameMap.uexp" 646
"E:/Game Project/2022-Unreal-Learning/RollingRocker/RollingRocker2D/Content/Maps/GameMap.umap" 647
